<?xml version="1.0" encoding="UTF-8"?>
<!-- Generated by org.testng.reporters.JUnitReportReporter -->
<testsuite hostname="LAPTOP-3L5DI794" name="TestScripts.AddAnnouncementTest" tests="1" failures="0" timestamp="21 Jan 2021 10:03:18 GMT" time="226.376" errors="0">
  <testcase name="editAssignmentTest" time="226.376" classname="TestScripts.AddAnnouncementTest"/>
</testsuite> <!-- TestScripts.AddAnnouncementTest -->
