<?xml version="1.0" encoding="UTF-8"?>
<!-- Generated by org.testng.reporters.JUnitReportReporter -->
<testsuite hostname="LAPTOP-3L5DI794" name="TestScripts.AddClassroomTest" tests="1" failures="0" timestamp="12 Feb 2021 06:29:16 GMT" time="196.065" errors="0">
  <testcase name="addClassroomTest" time="196.065" classname="TestScripts.AddClassroomTest"/>
</testsuite> <!-- TestScripts.AddClassroomTest -->
