<?xml version="1.0" encoding="UTF-8"?>
<!-- Generated by org.testng.reporters.JUnitReportReporter -->
<testsuite hostname="LAPTOP-3L5DI794" name="TestScripts.EditProfilePictureTest" tests="1" failures="0" timestamp="29 Jan 2021 05:33:12 GMT" time="438.958" errors="0">
  <testcase name="changePasswordTest" time="438.958" classname="TestScripts.EditProfilePictureTest"/>
</testsuite> <!-- TestScripts.EditProfilePictureTest -->
