<?xml version="1.0" encoding="UTF-8"?>
<!-- Generated by org.testng.reporters.JUnitReportReporter -->
<testsuite hostname="LAPTOP-3L5DI794" name="TestScripts.AddAnnouncementTest" tests="1" failures="0" timestamp="22 Jan 2021 09:58:13 GMT" time="217.613" errors="0">
  <testcase name="disableAnnouncementCommentsTest" time="217.613" classname="TestScripts.AddAnnouncementTest"/>
</testsuite> <!-- TestScripts.AddAnnouncementTest -->
