<?xml version="1.0" encoding="UTF-8"?>
<!-- Generated by org.testng.reporters.JUnitReportReporter -->
<testsuite hostname="LAPTOP-3L5DI794" name="TestScripts.AssignmentTest" tests="6" failures="0" timestamp="2 Feb 2021 12:28:34 GMT" time="298.287" errors="0">
  <testcase name="editAssignmentTest" time="24.052" classname="TestScripts.AssignmentTest"/>
  <testcase name="assignmentCommentTest" time="19.288" classname="TestScripts.AssignmentTest"/>
  <testcase name="disableAssignmentCommentsTest" time="8.094" classname="TestScripts.AssignmentTest"/>
  <testcase name="enableAssignmentCommentsTest" time="4.915" classname="TestScripts.AssignmentTest"/>
  <testcase name="addAssignmentTest" time="222.799" classname="TestScripts.AssignmentTest"/>
  <testcase name="deleteAssignmentTest" time="19.139" classname="TestScripts.AssignmentTest"/>
</testsuite> <!-- TestScripts.AssignmentTest -->
