<?xml version="1.0" encoding="UTF-8"?>
<!-- Generated by org.testng.reporters.JUnitReportReporter -->
<testsuite hostname="LAPTOP-3L5DI794" name="TestScripts.AddAssignmentTest" tests="1" failures="0" timestamp="20 Jan 2021 11:31:35 GMT" time="223.817" errors="0">
  <testcase name="editAssignmentTest" time="223.817" classname="TestScripts.AddAssignmentTest"/>
</testsuite> <!-- TestScripts.AddAssignmentTest -->
