<?xml version="1.0" encoding="UTF-8"?>
<!-- Generated by org.testng.reporters.JUnitReportReporter -->
<testsuite hostname="LAPTOP-3L5DI794" name="TestScripts.AnnouncementTest" tests="6" failures="0" timestamp="1 Feb 2021 06:15:16 GMT" time="265.338" errors="0">
  <testcase name="announcementCommentTest" time="15.847" classname="TestScripts.AnnouncementTest"/>
  <testcase name="deleteAnnouncementTest" time="1.396" classname="TestScripts.AnnouncementTest"/>
  <testcase name="addAnnouncementTest" time="212.341" classname="TestScripts.AnnouncementTest"/>
  <testcase name="disableAnnouncementCommentsTest" time="7.362" classname="TestScripts.AnnouncementTest"/>
  <testcase name="editAnnoucementTest" time="22.385" classname="TestScripts.AnnouncementTest"/>
  <testcase name="enableAnnouncementCommentsTest" time="6.007" classname="TestScripts.AnnouncementTest"/>
</testsuite> <!-- TestScripts.AnnouncementTest -->
