<?xml version="1.0" encoding="UTF-8"?>
<!-- Generated by org.testng.reporters.JUnitReportReporter -->
<testsuite hostname="LAPTOP-3L5DI794" name="TestScripts.AssignmentTest" tests="3" failures="0" timestamp="10 Feb 2021 06:43:52 GMT" time="186.535" errors="0">
  <testcase name="assignmentCommentTest" time="0.094" classname="TestScripts.AssignmentTest"/>
  <testcase name="addAssignmentTest" time="186.336" classname="TestScripts.AssignmentTest"/>
  <testcase name="editAssignmentTest" time="0.105" classname="TestScripts.AssignmentTest"/>
</testsuite> <!-- TestScripts.AssignmentTest -->
