<?xml version="1.0" encoding="UTF-8"?>
<!-- Generated by org.testng.reporters.JUnitReportReporter -->
<testsuite hostname="LAPTOP-3L5DI794" name="TestScripts.ClassFeedTest" tests="1" failures="0" timestamp="29 Jan 2021 05:59:31 GMT" time="198.952" errors="0">
  <testcase name="classFeedAssignmentTest" time="198.952" classname="TestScripts.ClassFeedTest"/>
</testsuite> <!-- TestScripts.ClassFeedTest -->
