<?xml version="1.0" encoding="UTF-8"?>
<!-- Generated by org.testng.reporters.JUnitReportReporter -->
<testsuite hostname="LAPTOP-3L5DI794" name="TestScripts.ClassFeedTest" tests="1" failures="0" timestamp="21 Jan 2021 13:36:07 GMT" time="217.960" errors="0">
  <testcase name="classFeedAnnouncementTest" time="217.960" classname="TestScripts.ClassFeedTest"/>
</testsuite> <!-- TestScripts.ClassFeedTest -->
