<?xml version="1.0" encoding="UTF-8"?>
<!-- Generated by org.testng.reporters.JUnitReportReporter -->
<testsuite hostname="LAPTOP-3L5DI794" name="TestScripts.AddClassroomTest" tests="1" failures="0" timestamp="28 Jan 2021 11:23:18 GMT" time="205.813" errors="0">
  <testcase name="addClassroomTest" time="205.813" classname="TestScripts.AddClassroomTest"/>
</testsuite> <!-- TestScripts.AddClassroomTest -->
