<?xml version="1.0" encoding="UTF-8"?>
<!-- Generated by org.testng.reporters.JUnitReportReporter -->
<testsuite hostname="LAPTOP-3L5DI794" name="TestScripts.AssignmentTest" tests="6" failures="0" timestamp="12 Feb 2021 09:30:49 GMT" time="104.411" errors="0">
  <testcase name="deleteAssignmentTest" time="19.038" classname="TestScripts.AssignmentTest"/>
  <testcase name="enableAssignmentCommentsTest" time="5.061" classname="TestScripts.AssignmentTest"/>
  <testcase name="disableAssignmentCommentsTest" time="12.285" classname="TestScripts.AssignmentTest"/>
  <testcase name="assignmentCommentTest" time="15.801" classname="TestScripts.AssignmentTest"/>
  <testcase name="editAssignmentTest" time="18.617" classname="TestScripts.AssignmentTest"/>
  <testcase name="addAssignmentTest" time="33.609" classname="TestScripts.AssignmentTest"/>
</testsuite> <!-- TestScripts.AssignmentTest -->
