<?xml version="1.0" encoding="UTF-8"?>
<!-- Generated by org.testng.reporters.JUnitReportReporter -->
<testsuite hostname="LAPTOP-3L5DI794" name="TestScripts.AddAnnouncementTest" tests="5" failures="0" timestamp="25 Jan 2021 10:16:02 GMT" time="281.516" errors="0">
  <testcase name="enableAnnouncementCommentsTest" time="5.604" classname="TestScripts.AddAnnouncementTest"/>
  <testcase name="deleteAnnouncementTest" time="13.358" classname="TestScripts.AddAnnouncementTest"/>
  <testcase name="editAnnoucementTest" time="22.473" classname="TestScripts.AddAnnouncementTest"/>
  <testcase name="disableAnnouncementCommentsTest" time="7.795" classname="TestScripts.AddAnnouncementTest"/>
  <testcase name="addAnnouncementTest" time="232.286" classname="TestScripts.AddAnnouncementTest"/>
</testsuite> <!-- TestScripts.AddAnnouncementTest -->
