<?xml version="1.0" encoding="UTF-8"?>
<!-- Generated by org.testng.reporters.JUnitReportReporter -->
<testsuite hostname="LAPTOP-3L5DI794" name="TestScripts.AnnouncementTest" tests="6" failures="0" timestamp="12 Feb 2021 09:30:49 GMT" time="281.743" errors="0">
  <testcase name="disableAnnouncementCommentsTest" time="8.617" classname="TestScripts.AnnouncementTest"/>
  <testcase name="enableAnnouncementCommentsTest" time="5.855" classname="TestScripts.AnnouncementTest"/>
  <testcase name="deleteAnnouncementTest" time="17.985" classname="TestScripts.AnnouncementTest"/>
  <testcase name="announcementCommentTest" time="18.040" classname="TestScripts.AnnouncementTest"/>
  <testcase name="addAnnouncementTest" time="216.712" classname="TestScripts.AnnouncementTest"/>
  <testcase name="editAnnoucementTest" time="14.534" classname="TestScripts.AnnouncementTest"/>
</testsuite> <!-- TestScripts.AnnouncementTest -->
