<?xml version="1.0" encoding="UTF-8"?>
<!-- Generated by org.testng.reporters.JUnitReportReporter -->
<testsuite hostname="LAPTOP-3L5DI794" name="TestScripts.AnnouncementTest" tests="6" failures="0" timestamp="9 Feb 2021 08:38:41 GMT" time="268.744" errors="0">
  <testcase name="enableAnnouncementCommentsTest" time="5.027" classname="TestScripts.AnnouncementTest"/>
  <testcase name="addAnnouncementTest" time="215.412" classname="TestScripts.AnnouncementTest"/>
  <testcase name="disableAnnouncementCommentsTest" time="7.805" classname="TestScripts.AnnouncementTest"/>
  <testcase name="editAnnoucementTest" time="22.744" classname="TestScripts.AnnouncementTest"/>
  <testcase name="announcementCommentTest" time="16.292" classname="TestScripts.AnnouncementTest"/>
  <testcase name="deleteAnnouncementTest" time="1.464" classname="TestScripts.AnnouncementTest"/>
</testsuite> <!-- TestScripts.AnnouncementTest -->
