<?xml version="1.0" encoding="UTF-8"?>
<!-- Generated by org.testng.reporters.JUnitReportReporter -->
<testsuite hostname="LAPTOP-3L5DI794" name="TestScripts.AddAssignmentTest" tests="1" failures="0" timestamp="25 Jan 2021 11:12:34 GMT" time="3.164" errors="0">
  <testcase name="deleteAssignmentTest" time="3.164" classname="TestScripts.AddAssignmentTest"/>
</testsuite> <!-- TestScripts.AddAssignmentTest -->
