<?xml version="1.0" encoding="UTF-8"?>
<!-- Generated by org.testng.reporters.JUnitReportReporter -->
<testsuite hostname="LAPTOP-3L5DI794" name="TestScripts.HomeFeedTest" tests="1" failures="0" timestamp="10 Feb 2021 07:19:55 GMT" time="192.595" errors="0">
  <testcase name="HomeFeedAssignmentTest" time="192.595" classname="TestScripts.HomeFeedTest"/>
</testsuite> <!-- TestScripts.HomeFeedTest -->
