<?xml version="1.0" encoding="UTF-8"?>
<!-- Generated by org.testng.reporters.JUnitReportReporter -->
<testsuite hostname="LAPTOP-3L5DI794" name="TestScripts.AddAssignmentTest" tests="1" failures="0" timestamp="21 Jan 2021 09:38:15 GMT" time="237.151" errors="0">
  <testcase name="editAssignmentTest" time="237.151" classname="TestScripts.AddAssignmentTest"/>
</testsuite> <!-- TestScripts.AddAssignmentTest -->
