<?xml version="1.0" encoding="UTF-8"?>
<!-- Generated by org.testng.reporters.JUnitReportReporter -->
<testsuite hostname="LAPTOP-3L5DI794" name="TestScripts.AssignmentTest" tests="6" failures="0" timestamp="28 Jan 2021 11:43:45 GMT" time="266.720" errors="0">
  <testcase name="assignmentCommentTest" time="17.786" classname="TestScripts.AssignmentTest"/>
  <testcase name="deleteAssignmentTest" time="1.373" classname="TestScripts.AssignmentTest"/>
  <testcase name="addAssignmentTest" time="210.631" classname="TestScripts.AssignmentTest"/>
  <testcase name="enableAssignmentCommentsTest" time="5.141" classname="TestScripts.AssignmentTest"/>
  <testcase name="editAssignmentTest" time="24.154" classname="TestScripts.AssignmentTest"/>
  <testcase name="disableAssignmentCommentsTest" time="7.635" classname="TestScripts.AssignmentTest"/>
</testsuite> <!-- TestScripts.AssignmentTest -->
