<?xml version="1.0" encoding="UTF-8"?>
<!-- Generated by org.testng.reporters.JUnitReportReporter -->
<testsuite hostname="LAPTOP-3L5DI794" name="TestScripts.AddClassroomTest" tests="1" failures="0" timestamp="10 Feb 2021 06:00:48 GMT" time="209.497" errors="0">
  <testcase name="addClassroomTest" time="209.497" classname="TestScripts.AddClassroomTest"/>
</testsuite> <!-- TestScripts.AddClassroomTest -->
