<?xml version="1.0" encoding="UTF-8"?>
<!-- Generated by org.testng.reporters.JUnitReportReporter -->
<testsuite hostname="LAPTOP-3L5DI794" name="TestScripts.EditProfilePictureTest" tests="1" failures="0" timestamp="12 Feb 2021 09:45:18 GMT" time="202.077" errors="0">
  <testcase name="editProfilePictureTest" time="202.077" classname="TestScripts.EditProfilePictureTest"/>
</testsuite> <!-- TestScripts.EditProfilePictureTest -->
