<?xml version="1.0" encoding="UTF-8"?>
<!-- Generated by org.testng.reporters.JUnitReportReporter -->
<testsuite hostname="LAPTOP-3L5DI794" name="TestScripts.AddAssignmentTest" tests="1" failures="0" timestamp="20 Jan 2021 07:13:05 GMT" time="213.564" errors="0">
  <testcase name="editAssignmentTest" time="213.564" classname="TestScripts.AddAssignmentTest"/>
</testsuite> <!-- TestScripts.AddAssignmentTest -->
