<?xml version="1.0" encoding="UTF-8"?>
<!-- Generated by org.testng.reporters.JUnitReportReporter -->
<testsuite hostname="LAPTOP-3L5DI794" name="TestScripts.HomeFeedTest" tests="1" failures="0" timestamp="21 Jan 2021 12:26:14 GMT" time="191.465" errors="0">
  <testcase name="HomeFeedAssignmentTest" time="191.465" classname="TestScripts.HomeFeedTest"/>
</testsuite> <!-- TestScripts.HomeFeedTest -->
