<?xml version="1.0" encoding="UTF-8"?>
<!-- Generated by org.testng.reporters.JUnitReportReporter -->
<testsuite hostname="LAPTOP-3L5DI794" name="TestScripts.AddClassroomTest" tests="1" failures="0" timestamp="19 Jan 2021 10:07:45 GMT" time="208.372" errors="0">
  <testcase name="addClassroomTest" time="208.372" classname="TestScripts.AddClassroomTest"/>
</testsuite> <!-- TestScripts.AddClassroomTest -->
