<?xml version="1.0" encoding="UTF-8"?>
<!-- Generated by org.testng.reporters.JUnitReportReporter -->
<testsuite hostname="LAPTOP-3L5DI794" name="TestScripts.AnnouncementTest" tests="6" failures="0" timestamp="10 Feb 2021 06:14:54 GMT" time="280.341" errors="0">
  <testcase name="disableAnnouncementCommentsTest" time="7.395" classname="TestScripts.AnnouncementTest"/>
  <testcase name="announcementCommentTest" time="16.227" classname="TestScripts.AnnouncementTest"/>
  <testcase name="editAnnoucementTest" time="21.799" classname="TestScripts.AnnouncementTest"/>
  <testcase name="deleteAnnouncementTest" time="16.316" classname="TestScripts.AnnouncementTest"/>
  <testcase name="addAnnouncementTest" time="211.845" classname="TestScripts.AnnouncementTest"/>
  <testcase name="enableAnnouncementCommentsTest" time="6.759" classname="TestScripts.AnnouncementTest"/>
</testsuite> <!-- TestScripts.AnnouncementTest -->
