<?xml version="1.0" encoding="UTF-8"?>
<!-- Generated by org.testng.reporters.JUnitReportReporter -->
<testsuite hostname="LAPTOP-3L5DI794" name="TestScripts.AddAssignmentTest" tests="1" failures="0" timestamp="19 Jan 2021 10:44:38 GMT" time="225.654" errors="0">
  <testcase name="addAssignmentTest" time="225.654" classname="TestScripts.AddAssignmentTest"/>
</testsuite> <!-- TestScripts.AddAssignmentTest -->
