<?xml version="1.0" encoding="UTF-8"?>
<!-- Generated by org.testng.reporters.JUnitReportReporter -->
<testsuite hostname="LAPTOP-3L5DI794" name="TestScripts.HomeFeedTest" tests="2" failures="0" timestamp="12 Feb 2021 09:30:49 GMT" time="23.999" errors="0">
  <testcase name="HomeFeedAnnouncementTest" time="11.017" classname="TestScripts.HomeFeedTest"/>
  <testcase name="HomeFeedAssignmentTest" time="12.982" classname="TestScripts.HomeFeedTest"/>
</testsuite> <!-- TestScripts.HomeFeedTest -->
